<?xml version="1.0" encoding="UTF-8"?>
<!-- Generated by org.testng.reporters.JUnitXMLReporter -->
<testsuite ignored="0" hostname="L-158032554" failures="1" tests="2" name="Test" time="60.154" errors="0" timestamp="2023-09-29T18:09:44 IST">
  <testcase classname="SeleniumFramework.ErrorValidation" name="LoginErrorValidation" time="3.717">
    <failure type="java.lang.AssertionError" message="expected [[[EdgeDriver: msedge on windows (5ff7d83477f69371f2ac152e98f0d38e)] -&amp;gt; css selector: [class*=&amp;apos;flyInOut&amp;apos;]]] but found [Incorrect email or password.]">
      <![CDATA[java.lang.AssertionError: expected [[[EdgeDriver: msedge on windows (5ff7d83477f69371f2ac152e98f0d38e)] -> css selector: [class*='flyInOut']]] but found [Incorrect email or password.]
at SeleniumFramework.ErrorValidation.LoginErrorValidation(ErrorValidation.java:41)
at java.base/java.util.ArrayList.forEach(ArrayList.java:1511)
at java.base/java.util.concurrent.FutureTask.run(FutureTask.java:264)
at java.base/java.util.concurrent.ThreadPoolExecutor.runWorker(ThreadPoolExecutor.java:1136)
at java.base/java.util.concurrent.ThreadPoolExecutor$Worker.run(ThreadPoolExecutor.java:635)
at java.base/java.lang.Thread.run(Thread.java:833)
... Removed 22 stack frames]]>
    </failure>
  </testcase> <!-- LoginErrorValidation -->
  <testcase classname="SeleniumFramework.ErrorValidation" name="productErrorValidation" time="7.536"/>
</testsuite> <!-- Test -->
